2024-11-24 16:07:43,601 : ERROR : main :  : KnimeBrowserView :  :  : %cerror%c Could not set zoom level 
      background: #c0392b;
      border-radius: 0.5em;
      color: white;
      font-weight: bold;
      padding: 2px 0.5em;
      TypeError: t is not a function (source: http://org.knime.ui.java/assets/index-PyhZB-uQ.js; line: 64)
2024-11-24 16:07:43,610 : ERROR : main :  : KnimeBrowserView :  :  : Uncaught (in promise) TypeError: Cannot read properties of undefined (reading 'name') (source: http://org.knime.ui.java/assets/index-PyhZB-uQ.js; line: 23)
2024-11-24 16:07:43,653 : ERROR : main :  : KnimeBrowserView :  :  : %cerror%c Could not set zoom level 
      background: #c0392b;
      border-radius: 0.5em;
      color: white;
      font-weight: bold;
      padding: 2px 0.5em;
      TypeError: t is not a function (source: http://org.knime.ui.java/assets/index-PyhZB-uQ.js; line: 64)
2024-11-24 16:07:43,653 : ERROR : main :  : KnimeBrowserView :  :  : Uncaught (in promise) TypeError: Cannot read properties of undefined (reading 'name') (source: http://org.knime.ui.java/assets/index-PyhZB-uQ.js; line: 23)
2024-11-24 16:07:43,755 : ERROR : main :  : KnimeBrowserView :  :  : %cerror%c Could not set zoom level 
      background: #c0392b;
      border-radius: 0.5em;
      color: white;
      font-weight: bold;
      padding: 2px 0.5em;
      TypeError: t is not a function (source: http://org.knime.ui.java/assets/index-PyhZB-uQ.js; line: 64)
2024-11-24 16:07:43,755 : ERROR : main :  : KnimeBrowserView :  :  : Uncaught (in promise) TypeError: Cannot read properties of undefined (reading 'name') (source: http://org.knime.ui.java/assets/index-PyhZB-uQ.js; line: 23)
2024-11-24 16:07:43,804 : ERROR : main :  : KnimeBrowserView :  :  : %cerror%c Could not set zoom level 
      background: #c0392b;
      border-radius: 0.5em;
      color: white;
      font-weight: bold;
      padding: 2px 0.5em;
      TypeError: t is not a function (source: http://org.knime.ui.java/assets/index-PyhZB-uQ.js; line: 64)
2024-11-24 16:07:43,805 : ERROR : main :  : KnimeBrowserView :  :  : Uncaught (in promise) TypeError: Cannot read properties of undefined (reading 'name') (source: http://org.knime.ui.java/assets/index-PyhZB-uQ.js; line: 23)
2024-11-24 16:07:43,904 : ERROR : main :  : KnimeBrowserView :  :  : %cerror%c Could not set zoom level 
      background: #c0392b;
      border-radius: 0.5em;
      color: white;
      font-weight: bold;
      padding: 2px 0.5em;
      TypeError: t is not a function (source: http://org.knime.ui.java/assets/index-PyhZB-uQ.js; line: 64)
2024-11-24 16:07:43,905 : ERROR : main :  : KnimeBrowserView :  :  : Uncaught (in promise) TypeError: Cannot read properties of undefined (reading 'name') (source: http://org.knime.ui.java/assets/index-PyhZB-uQ.js; line: 23)
2024-11-24 16:07:43,954 : ERROR : main :  : KnimeBrowserView :  :  : %cerror%c Could not set zoom level 
      background: #c0392b;
      border-radius: 0.5em;
      color: white;
      font-weight: bold;
      padding: 2px 0.5em;
      TypeError: t is not a function (source: http://org.knime.ui.java/assets/index-PyhZB-uQ.js; line: 64)
2024-11-24 16:07:43,954 : ERROR : main :  : KnimeBrowserView :  :  : Uncaught (in promise) TypeError: Cannot read properties of undefined (reading 'name') (source: http://org.knime.ui.java/assets/index-PyhZB-uQ.js; line: 23)
2024-11-24 16:07:44,052 : ERROR : main :  : KnimeBrowserView :  :  : Uncaught (in promise) TypeError: Cannot read properties of undefined (reading 'name') (source: http://org.knime.ui.java/assets/index-PyhZB-uQ.js; line: 23)
2024-11-24 16:07:44,100 : ERROR : main :  : KnimeBrowserView :  :  : Uncaught (in promise) TypeError: Cannot read properties of undefined (reading 'name') (source: http://org.knime.ui.java/assets/index-PyhZB-uQ.js; line: 23)
2024-11-24 16:07:44,196 : ERROR : main :  : KnimeBrowserView :  :  : Uncaught (in promise) TypeError: Cannot read properties of undefined (reading 'name') (source: http://org.knime.ui.java/assets/index-PyhZB-uQ.js; line: 23)
2024-11-24 16:07:44,246 : ERROR : main :  : KnimeBrowserView :  :  : Uncaught (in promise) TypeError: Cannot read properties of undefined (reading 'name') (source: http://org.knime.ui.java/assets/index-PyhZB-uQ.js; line: 23)
2024-11-24 16:07:44,346 : ERROR : main :  : KnimeBrowserView :  :  : Uncaught (in promise) TypeError: Cannot read properties of undefined (reading 'name') (source: http://org.knime.ui.java/assets/index-PyhZB-uQ.js; line: 23)
2024-11-24 16:07:44,392 : ERROR : main :  : KnimeBrowserView :  :  : Uncaught (in promise) TypeError: Cannot read properties of undefined (reading 'name') (source: http://org.knime.ui.java/assets/index-PyhZB-uQ.js; line: 23)
2024-11-24 16:07:44,494 : ERROR : main :  : KnimeBrowserView :  :  : Uncaught (in promise) TypeError: Cannot read properties of undefined (reading 'name') (source: http://org.knime.ui.java/assets/index-PyhZB-uQ.js; line: 23)
2024-11-24 16:07:45,493 : ERROR : main :  : KnimeBrowserView :  :  : %cerror%c Could not set zoom level 
      background: #c0392b;
      border-radius: 0.5em;
      color: white;
      font-weight: bold;
      padding: 2px 0.5em;
      TypeError: t is not a function (repeated 7 times) (source: http://org.knime.ui.java/assets/index-PyhZB-uQ.js; line: 64)
2024-11-24 16:22:32,751 : ERROR : KNIME-Worker-0 :  : ThreadPool :  :  : An exception occurred while executing a runnable.
java.lang.NullPointerException: Cannot invoke "org.eclipse.core.runtime.IExtensionRegistry.getConfigurationElementsFor(String)" because the return value of "org.eclipse.core.runtime.RegistryFactory.getRegistry()" is null
	at org.eclipse.equinox.internal.p2.repository.helpers.AbstractRepositoryManager.findMatchingRepositoryExtensions(AbstractRepositoryManager.java:418)
	at org.eclipse.equinox.internal.p2.repository.helpers.AbstractRepositoryManager.loadRepository(AbstractRepositoryManager.java:786)
	at org.eclipse.equinox.internal.p2.repository.helpers.AbstractRepositoryManager.loadRepository(AbstractRepositoryManager.java:689)
	at org.eclipse.equinox.internal.p2.metadata.repository.MetadataRepositoryManager.loadRepository(MetadataRepositoryManager.java:110)
	at org.eclipse.equinox.internal.p2.metadata.repository.MetadataRepositoryManager.loadRepository(MetadataRepositoryManager.java:105)
	at org.eclipse.equinox.p2.engine.ProvisioningContext.loadMetadataRepository(ProvisioningContext.java:243)
	at org.eclipse.equinox.p2.engine.ProvisioningContext.getLoadedMetadataRepositories(ProvisioningContext.java:225)
	at org.eclipse.equinox.p2.engine.ProvisioningContext.getMetadata(ProvisioningContext.java:306)
	at org.eclipse.equinox.internal.p2.director.SimplePlanner.updatesFor(SimplePlanner.java:962)
	at org.eclipse.equinox.p2.operations.UpdateOperation.updatesFor(UpdateOperation.java:144)
	at org.eclipse.equinox.p2.operations.UpdateOperation.computeProfileChangeRequest(UpdateOperation.java:180)
	at org.eclipse.equinox.p2.operations.UpdateOperation.lambda$0(UpdateOperation.java:315)
	at org.eclipse.equinox.internal.p2.operations.SearchForUpdatesResolutionJob.runModal(SearchForUpdatesResolutionJob.java:41)
	at org.eclipse.equinox.p2.operations.ProfileChangeOperation.resolveModal(ProfileChangeOperation.java:117)
	at org.knime.product.rcp.intro.UpdateDetector.checkForBugfixes(UpdateDetector.java:120)
	at org.knime.ui.java.util.DesktopAPUtil.checkForUpdate(DesktopAPUtil.java:250)
	at org.knime.gateway.impl.webui.UpdateStateProvider.lambda$0(UpdateStateProvider.java:86)
	at java.base/java.util.concurrent.Executors$RunnableAdapter.call(Unknown Source)
	at java.base/java.util.concurrent.FutureTask.run(Unknown Source)
	at org.knime.core.util.ThreadPool$MyFuture.run(ThreadPool.java:123)
	at org.knime.core.util.ThreadPool$Worker.run(ThreadPool.java:246)
2024-11-26 10:30:30,278 : ERROR : ForkJoinPool.commonPool-worker-2 :  : WelcomeAPEndpoint :  :  : Calling welcome page endpoint failed
java.net.UnknownHostException: tips-and-tricks.knime.com
	at java.base/sun.nio.ch.NioSocketImpl.connect(Unknown Source)
	at java.base/java.net.SocksSocketImpl.connect(Unknown Source)
	at java.base/java.net.Socket.connect(Unknown Source)
	at java.base/sun.security.ssl.SSLSocketImpl.connect(Unknown Source)
	at java.base/sun.net.NetworkClient.doConnect(Unknown Source)
	at java.base/sun.net.www.http.HttpClient.openServer(Unknown Source)
	at java.base/sun.net.www.http.HttpClient.openServer(Unknown Source)
	at java.base/sun.net.www.protocol.https.HttpsClient.<init>(Unknown Source)
	at java.base/sun.net.www.protocol.https.HttpsClient.New(Unknown Source)
	at java.base/sun.net.www.protocol.https.AbstractDelegateHttpsURLConnection.getNewHttpClient(Unknown Source)
	at java.base/sun.net.www.protocol.http.HttpURLConnection.plainConnect0(Unknown Source)
	at java.base/sun.net.www.protocol.http.HttpURLConnection.plainConnect(Unknown Source)
	at java.base/sun.net.www.protocol.https.AbstractDelegateHttpsURLConnection.connect(Unknown Source)
	at java.base/sun.net.www.protocol.https.HttpsURLConnectionImpl.connect(Unknown Source)
	at org.knime.product.rcp.intro.WelcomeAPEndpoint.request(WelcomeAPEndpoint.java:107)
	at org.knime.product.rcp.intro.WelcomeAPEndpoint.lambda$0(WelcomeAPEndpoint.java:68)
	at java.base/java.util.concurrent.CompletableFuture$AsyncSupply.run(Unknown Source)
	at java.base/java.util.concurrent.CompletableFuture$AsyncSupply.exec(Unknown Source)
	at java.base/java.util.concurrent.ForkJoinTask.doExec(Unknown Source)
	at java.base/java.util.concurrent.ForkJoinPool$WorkQueue.topLevelExec(Unknown Source)
	at java.base/java.util.concurrent.ForkJoinPool.scan(Unknown Source)
	at java.base/java.util.concurrent.ForkJoinPool.runWorker(Unknown Source)
	at java.base/java.util.concurrent.ForkJoinWorkerThread.run(Unknown Source)
2024-11-26 10:30:30,938 : ERROR : KNIME-Worker-0 :  : DesktopAPUtil :  :  : Could not check for updates
java.io.IOException: update.knime.com, while checking updates for site at "https://update.knime.com/community-contributions/trusted/5.3".
	at org.knime.core.eclipseUtil.UpdateChecker.checkForNewRelease(UpdateChecker.java:200)
	at org.knime.product.rcp.intro.UpdateDetector.checkForNewRelease(UpdateDetector.java:97)
	at org.knime.ui.java.util.DesktopAPUtil.checkForUpdate(DesktopAPUtil.java:249)
	at org.knime.gateway.impl.webui.UpdateStateProvider.lambda$0(UpdateStateProvider.java:86)
	at java.base/java.util.concurrent.Executors$RunnableAdapter.call(Unknown Source)
	at java.base/java.util.concurrent.FutureTask.run(Unknown Source)
	at org.knime.core.util.ThreadPool$MyFuture.run(ThreadPool.java:123)
	at org.knime.core.util.ThreadPool$Worker.run(ThreadPool.java:246)
Caused by: java.net.UnknownHostException: update.knime.com
	at java.base/sun.nio.ch.NioSocketImpl.connect(Unknown Source)
	at java.base/java.net.SocksSocketImpl.connect(Unknown Source)
	at java.base/java.net.Socket.connect(Unknown Source)
	at java.base/sun.security.ssl.SSLSocketImpl.connect(Unknown Source)
	at java.base/sun.net.NetworkClient.doConnect(Unknown Source)
	at java.base/sun.net.www.http.HttpClient.openServer(Unknown Source)
	at java.base/sun.net.www.http.HttpClient.openServer(Unknown Source)
	at java.base/sun.net.www.protocol.https.HttpsClient.<init>(Unknown Source)
	at java.base/sun.net.www.protocol.https.HttpsClient.New(Unknown Source)
	at java.base/sun.net.www.protocol.https.AbstractDelegateHttpsURLConnection.getNewHttpClient(Unknown Source)
	at java.base/sun.net.www.protocol.http.HttpURLConnection.plainConnect0(Unknown Source)
	at java.base/sun.net.www.protocol.http.HttpURLConnection.plainConnect(Unknown Source)
	at java.base/sun.net.www.protocol.https.AbstractDelegateHttpsURLConnection.connect(Unknown Source)
	at java.base/sun.net.www.protocol.https.HttpsURLConnectionImpl.connect(Unknown Source)
	at org.knime.core.eclipseUtil.UpdateChecker.checkForNewRelease(UpdateChecker.java:182)
	... 7 more
2024-11-26 10:30:59,887 : WARN  : comm-pool-thread-1 :  : Node : CSV Reader : 3:1 : Please specify a file
